Traceback (most recent call last):
  File "/opt/conda/lib/python3.8/site-packages/jupyter_cache/executors/utils.py", line 58, in single_nb_execution
    executenb(
  File "/opt/conda/lib/python3.8/site-packages/nbclient/client.py", line 1112, in execute
    return NotebookClient(nb=nb, resources=resources, km=km, **kwargs).execute()
  File "/opt/conda/lib/python3.8/site-packages/nbclient/util.py", line 74, in wrapped
    return just_run(coro(*args, **kwargs))
  File "/opt/conda/lib/python3.8/site-packages/nbclient/util.py", line 53, in just_run
    return loop.run_until_complete(coro)
  File "/opt/conda/lib/python3.8/asyncio/base_events.py", line 616, in run_until_complete
    return future.result()
  File "/opt/conda/lib/python3.8/site-packages/nbclient/client.py", line 553, in async_execute
    await self.async_execute_cell(
  File "/opt/conda/lib/python3.8/site-packages/nbclient/client.py", line 857, in async_execute_cell
    self._check_raise_for_error(cell, exec_reply)
  File "/opt/conda/lib/python3.8/site-packages/nbclient/client.py", line 760, in _check_raise_for_error
    raise CellExecutionError.from_cell_and_msg(cell, exec_reply_content)
nbclient.exceptions.CellExecutionError: An error occurred while executing the following cell:
------------------
import anndata
import numpy as np
import seaborn as sb
import matplotlib.pyplot as plt
import platform
from optbinning import ContinuousOptimalBinning

import Main
import VisualUtils
import ClusterUtils
import TimeSeriesPreprocessor
import PathwayAnalyserV2

print(platform.python_version())
------------------

[0;31m---------------------------------------------------------------------------[0m
[0;31mModuleNotFoundError[0m                       Traceback (most recent call last)
Input [0;32mIn [1][0m, in [0;36m<cell line: 6>[0;34m()[0m
[1;32m      4[0m [38;5;28;01mimport[39;00m [38;5;21;01mmatplotlib[39;00m[38;5;21;01m.[39;00m[38;5;21;01mpyplot[39;00m [38;5;28;01mas[39;00m [38;5;21;01mplt[39;00m
[1;32m      5[0m [38;5;28;01mimport[39;00m [38;5;21;01mplatform[39;00m
[0;32m----> 6[0m [38;5;28;01mfrom[39;00m [38;5;21;01moptbinning[39;00m [38;5;28;01mimport[39;00m ContinuousOptimalBinning
[1;32m      8[0m [38;5;28;01mimport[39;00m [38;5;21;01mMain[39;00m
[1;32m      9[0m [38;5;28;01mimport[39;00m [38;5;21;01mVisualUtils[39;00m

[0;31mModuleNotFoundError[0m: No module named 'optbinning'
ModuleNotFoundError: No module named 'optbinning'

